<?xml version="1.0" encoding="UTF-8"?>
<!-- Generated by org.testng.reporters.JUnitReportReporter -->
<testsuite skipped="0" hostname="Lenovo" name="org.Automated" tests="3" failures="0" timestamp="11 Jan 2021 15:44:53 GMT" time="21.640" errors="0">
  <testcase name="mainMethod1" time="1.075" classname="org.Automated"/>
  <testcase name="mainMethod3" time="7.638" classname="org.Automated"/>
  <testcase name="mainMethod2" time="12.927" classname="org.Automated"/>
</testsuite> <!-- org.Automated -->
